<?xml version="1.0" encoding="UTF-8"?>
<!-- Generated by org.testng.reporters.JUnitReportReporter -->
<testsuite hostname="LAPTOP-8USUBBG6" failures="0" tests="1" name="api.utility.FileReader" time="0.008" errors="0" timestamp="2023-12-21T17:23:05 IST" skipped="0">
  <testcase classname="api.utility.FileReader" name="file" time="0.008"/>
</testsuite> <!-- api.utility.FileReader -->
