<?xml version="1.0" encoding="UTF-8"?>
<!-- Generated by org.testng.reporters.JUnitReportReporter -->
<testsuite hostname="LAPTOP-8USUBBG6" failures="0" tests="2" name="api.test.TestMockDataGeneration" time="2.354" errors="0" timestamp="2024-01-10T17:18:38 IST" skipped="1">
  <testcase classname="api.test.TestMockDataGeneration" name="testCreateMockUser" time="2.354"/>
  <testcase classname="api.test.TestMockDataGeneration" name="testCreateMockPurchase">
    <skipped/>
  </testcase> <!-- testCreateMockPurchase -->
</testsuite> <!-- api.test.TestMockDataGeneration -->
