<?xml version="1.0" encoding="UTF-8"?>
<!-- Generated by org.testng.reporters.JUnitReportReporter -->
<testsuite hostname="LAPTOP-8USUBBG6" failures="0" tests="3" name="api.test.TestMockDataGeneration" time="4.682" errors="0" timestamp="2024-01-10T17:27:00 IST" skipped="1">
  <testcase classname="api.test.TestMockDataGeneration" name="testCreateMockUser" time="3.309"/>
  <testcase classname="api.test.TestMockDataGeneration" name="testCreateMockBlogPost" time="1.373"/>
  <testcase classname="api.test.TestMockDataGeneration" name="testCreateMockPurchase">
    <skipped/>
  </testcase> <!-- testCreateMockPurchase -->
</testsuite> <!-- api.test.TestMockDataGeneration -->
